\BOOKMARK [0][-]{chapter.1}{\376\377\0001\000\040\000N\000a\000m\000e\000s\000p\000a\000c\000e\000\040\000I\000n\000d\000e\000x}{}% 1
\BOOKMARK [1][-]{section.1.1}{\376\377\0001\000.\0001\000\040\000N\000a\000m\000e\000s\000p\000a\000c\000e\000\040\000L\000i\000s\000t}{chapter.1}% 2
\BOOKMARK [0][-]{chapter.2}{\376\377\0002\000\040\000C\000l\000a\000s\000s\000\040\000I\000n\000d\000e\000x}{}% 3
\BOOKMARK [1][-]{section.2.1}{\376\377\0002\000.\0001\000\040\000C\000l\000a\000s\000s\000\040\000L\000i\000s\000t}{chapter.2}% 4
\BOOKMARK [0][-]{chapter.3}{\376\377\0003\000\040\000F\000i\000l\000e\000\040\000I\000n\000d\000e\000x}{}% 5
\BOOKMARK [1][-]{section.3.1}{\376\377\0003\000.\0001\000\040\000F\000i\000l\000e\000\040\000L\000i\000s\000t}{chapter.3}% 6
\BOOKMARK [0][-]{chapter.4}{\376\377\0004\000\040\000N\000a\000m\000e\000s\000p\000a\000c\000e\000\040\000D\000o\000c\000u\000m\000e\000n\000t\000a\000t\000i\000o\000n}{}% 7
\BOOKMARK [1][-]{section.4.1}{\376\377\0004\000.\0001\000\040\000p\000r\000o\0002\000\040\000N\000a\000m\000e\000s\000p\000a\000c\000e\000\040\000R\000e\000f\000e\000r\000e\000n\000c\000e}{chapter.4}% 8
\BOOKMARK [2][-]{subsection.4.1.1}{\376\377\0004\000.\0001\000.\0001\000\040\000T\000y\000p\000e\000d\000e\000f\000\040\000D\000o\000c\000u\000m\000e\000n\000t\000a\000t\000i\000o\000n}{section.4.1}% 9
\BOOKMARK [3][-]{subsubsection.4.1.1.1}{\376\377\0004\000.\0001\000.\0001\000.\0001\000\040\000C\000h\000a\000r\000s\000e\000t}{subsection.4.1.1}% 10
\BOOKMARK [3][-]{subsubsection.4.1.1.2}{\376\377\0004\000.\0001\000.\0001\000.\0002\000\040\000C\000o\000l\000o\000r}{subsection.4.1.1}% 11
\BOOKMARK [3][-]{subsubsection.4.1.1.3}{\376\377\0004\000.\0001\000.\0001\000.\0003\000\040\000F\000o\000n\000t}{subsection.4.1.1}% 12
\BOOKMARK [3][-]{subsubsection.4.1.1.4}{\376\377\0004\000.\0001\000.\0001\000.\0004\000\040\000P\000a\000l\000e\000t\000t\000e}{subsection.4.1.1}% 13
\BOOKMARK [3][-]{subsubsection.4.1.1.5}{\376\377\0004\000.\0001\000.\0001\000.\0005\000\040\000S\000p\000r\000i\000t\000e}{subsection.4.1.1}% 14
\BOOKMARK [2][-]{subsection.4.1.2}{\376\377\0004\000.\0001\000.\0002\000\040\000E\000n\000u\000m\000e\000r\000a\000t\000i\000o\000n\000\040\000T\000y\000p\000e\000\040\000D\000o\000c\000u\000m\000e\000n\000t\000a\000t\000i\000o\000n}{section.4.1}% 15
\BOOKMARK [3][-]{subsubsection.4.1.2.1}{\376\377\0004\000.\0001\000.\0002\000.\0001\000\040\000K\000e\000y\000s}{subsection.4.1.2}% 16
\BOOKMARK [3][-]{subsubsection.4.1.2.2}{\376\377\0004\000.\0001\000.\0002\000.\0002\000\040\000M\000o\000d\000K\000e\000y}{subsection.4.1.2}% 17
\BOOKMARK [2][-]{subsection.4.1.3}{\376\377\0004\000.\0001\000.\0003\000\040\000F\000u\000n\000c\000t\000i\000o\000n\000\040\000D\000o\000c\000u\000m\000e\000n\000t\000a\000t\000i\000o\000n}{section.4.1}% 18
\BOOKMARK [3][-]{subsubsection.4.1.3.1}{\376\377\0004\000.\0001\000.\0003\000.\0001\000\040\000c\000h\000e\000c\000k\000\137\000c\000o\000l\000l\000i\000s\000i\000o\000n\000\050\000\051}{subsection.4.1.3}% 19
\BOOKMARK [3][-]{subsubsection.4.1.3.2}{\376\377\0004\000.\0001\000.\0003\000.\0002\000\040\000c\000o\000l\000o\000r\000\137\000s\000p\000r\000i\000t\000e\000\050\000\051}{subsection.4.1.3}% 20
\BOOKMARK [3][-]{subsubsection.4.1.3.3}{\376\377\0004\000.\0001\000.\0003\000.\0003\000\040\000o\000p\000e\000r\000a\000t\000o\000r\000<\000\050\000\051}{subsection.4.1.3}% 21
\BOOKMARK [3][-]{subsubsection.4.1.3.4}{\376\377\0004\000.\0001\000.\0003\000.\0004\000\040\000p\000a\000i\000n\000t\000\137\000c\000h\000a\000r\000\050\000\051}{subsection.4.1.3}% 22
\BOOKMARK [3][-]{subsubsection.4.1.3.5}{\376\377\0004\000.\0001\000.\0003\000.\0005\000\040\000p\000a\000i\000n\000t\000\137\000h\000l\000i\000n\000e\000\050\000\051}{subsection.4.1.3}% 23
\BOOKMARK [3][-]{subsubsection.4.1.3.6}{\376\377\0004\000.\0001\000.\0003\000.\0006\000\040\000p\000a\000i\000n\000t\000\137\000p\000i\000x\000e\000l\000\137\000t\000r\000a\000n\000s\000p\000a\000r\000e\000n\000t\000\050\000\051}{subsection.4.1.3}% 24
\BOOKMARK [3][-]{subsubsection.4.1.3.7}{\376\377\0004\000.\0001\000.\0003\000.\0007\000\040\000p\000a\000i\000n\000t\000\137\000r\000e\000c\000t\000\050\000\051}{subsection.4.1.3}% 25
\BOOKMARK [3][-]{subsubsection.4.1.3.8}{\376\377\0004\000.\0001\000.\0003\000.\0008\000\040\000p\000a\000i\000n\000t\000\137\000r\000e\000c\000t\000\137\000f\000i\000l\000l\000\050\000\051}{subsection.4.1.3}% 26
\BOOKMARK [3][-]{subsubsection.4.1.3.9}{\376\377\0004\000.\0001\000.\0003\000.\0009\000\040\000p\000a\000i\000n\000t\000\137\000r\000e\000c\000t\000\137\000f\000i\000l\000l\000\137\000t\000r\000a\000n\000s\000p\000a\000r\000e\000n\000t\000\050\000\051}{subsection.4.1.3}% 27
\BOOKMARK [3][-]{subsubsection.4.1.3.10}{\376\377\0004\000.\0001\000.\0003\000.\0001\0000\000\040\000p\000a\000i\000n\000t\000\137\000s\000p\000r\000i\000t\000e\000\050\000\051}{subsection.4.1.3}% 28
\BOOKMARK [3][-]{subsubsection.4.1.3.11}{\376\377\0004\000.\0001\000.\0003\000.\0001\0001\000\040\000p\000a\000i\000n\000t\000\137\000v\000l\000i\000n\000e\000\050\000\051}{subsection.4.1.3}% 29
\BOOKMARK [3][-]{subsubsection.4.1.3.12}{\376\377\0004\000.\0001\000.\0003\000.\0001\0002\000\040\000r\000a\000n\000d\000o\000m\000\137\000d\000o\000u\000b\000l\000e\000\050\000\051}{subsection.4.1.3}% 30
\BOOKMARK [3][-]{subsubsection.4.1.3.13}{\376\377\0004\000.\0001\000.\0003\000.\0001\0003\000\040\000r\000e\000a\000d\000\137\000c\000h\000a\000r\000s\000e\000t\000\050\000\051}{subsection.4.1.3}% 31
\BOOKMARK [3][-]{subsubsection.4.1.3.14}{\376\377\0004\000.\0001\000.\0003\000.\0001\0004\000\040\000r\000e\000a\000d\000\137\000c\000o\000l\000o\000r\000s\000\050\000\051}{subsection.4.1.3}% 32
\BOOKMARK [3][-]{subsubsection.4.1.3.15}{\376\377\0004\000.\0001\000.\0003\000.\0001\0005\000\040\000r\000e\000a\000d\000\137\000f\000i\000l\000e\000\050\000\051}{subsection.4.1.3}% 33
\BOOKMARK [3][-]{subsubsection.4.1.3.16}{\376\377\0004\000.\0001\000.\0003\000.\0001\0006\000\040\000r\000e\000a\000d\000\137\000s\000p\000r\000i\000t\000e\000s\000\050\000\051}{subsection.4.1.3}% 34
\BOOKMARK [3][-]{subsubsection.4.1.3.17}{\376\377\0004\000.\0001\000.\0003\000.\0001\0007\000\040\000r\000e\000s\000o\000l\000v\000e\000\137\000c\000o\000l\000l\000i\000s\000i\000o\000n\000\137\000h\000o\000r\000i\000z\000o\000n\000t\000a\000l\000\050\000\051}{subsection.4.1.3}% 35
\BOOKMARK [3][-]{subsubsection.4.1.3.18}{\376\377\0004\000.\0001\000.\0003\000.\0001\0008\000\040\000r\000e\000s\000o\000l\000v\000e\000\137\000c\000o\000l\000l\000i\000s\000i\000o\000n\000\137\000v\000e\000r\000t\000i\000c\000a\000l\000\050\000\051}{subsection.4.1.3}% 36
\BOOKMARK [3][-]{subsubsection.4.1.3.19}{\376\377\0004\000.\0001\000.\0003\000.\0001\0009\000\040\000r\000o\000u\000n\000d\000\137\000d\000p\000t\000\050\000\051}{subsection.4.1.3}% 37
\BOOKMARK [3][-]{subsubsection.4.1.3.20}{\376\377\0004\000.\0001\000.\0003\000.\0002\0000\000\040\000s\000p\000l\000i\000t\000\137\000l\000i\000n\000e\000s\000\050\000\051}{subsection.4.1.3}% 38
\BOOKMARK [2][-]{subsection.4.1.4}{\376\377\0004\000.\0001\000.\0004\000\040\000V\000a\000r\000i\000a\000b\000l\000e\000\040\000D\000o\000c\000u\000m\000e\000n\000t\000a\000t\000i\000o\000n}{section.4.1}% 39
\BOOKMARK [3][-]{subsubsection.4.1.4.1}{\376\377\0004\000.\0001\000.\0004\000.\0001\000\040\000b\000l\000a\000c\000k}{subsection.4.1.4}% 40
\BOOKMARK [3][-]{subsubsection.4.1.4.2}{\376\377\0004\000.\0001\000.\0004\000.\0002\000\040\000b\000l\000u\000e}{subsection.4.1.4}% 41
\BOOKMARK [3][-]{subsubsection.4.1.4.3}{\376\377\0004\000.\0001\000.\0004\000.\0003\000\040\000c\000y\000a\000n}{subsection.4.1.4}% 42
\BOOKMARK [3][-]{subsubsection.4.1.4.4}{\376\377\0004\000.\0001\000.\0004\000.\0004\000\040\000g\000r\000e\000e\000n}{subsection.4.1.4}% 43
\BOOKMARK [3][-]{subsubsection.4.1.4.5}{\376\377\0004\000.\0001\000.\0004\000.\0005\000\040\000m\000a\000g\000e\000n\000t\000a}{subsection.4.1.4}% 44
\BOOKMARK [3][-]{subsubsection.4.1.4.6}{\376\377\0004\000.\0001\000.\0004\000.\0006\000\040\000r\000e\000d}{subsection.4.1.4}% 45
\BOOKMARK [3][-]{subsubsection.4.1.4.7}{\376\377\0004\000.\0001\000.\0004\000.\0007\000\040\000w\000h\000i\000t\000e}{subsection.4.1.4}% 46
\BOOKMARK [3][-]{subsubsection.4.1.4.8}{\376\377\0004\000.\0001\000.\0004\000.\0008\000\040\000y\000e\000l\000l\000o\000w}{subsection.4.1.4}% 47
\BOOKMARK [0][-]{chapter.5}{\376\377\0005\000\040\000C\000l\000a\000s\000s\000\040\000D\000o\000c\000u\000m\000e\000n\000t\000a\000t\000i\000o\000n}{}% 48
\BOOKMARK [1][-]{section.5.1}{\376\377\0005\000.\0001\000\040\000B\000l\000o\000c\000k\000\040\000C\000l\000a\000s\000s\000\040\000R\000e\000f\000e\000r\000e\000n\000c\000e}{chapter.5}% 49
\BOOKMARK [2][-]{subsection.5.1.1}{\376\377\0005\000.\0001\000.\0001\000\040\000C\000o\000n\000s\000t\000r\000u\000c\000t\000o\000r\000\040\000\046\000\040\000D\000e\000s\000t\000r\000u\000c\000t\000o\000r\000\040\000D\000o\000c\000u\000m\000e\000n\000t\000a\000t\000i\000o\000n}{section.5.1}% 50
\BOOKMARK [3][-]{subsubsection.5.1.1.1}{\376\377\0005\000.\0001\000.\0001\000.\0001\000\040\000B\000l\000o\000c\000k\000\050\000\051\000\040\000[\0001\000/\0002\000]}{subsection.5.1.1}% 51
\BOOKMARK [3][-]{subsubsection.5.1.1.2}{\376\377\0005\000.\0001\000.\0001\000.\0002\000\040\000B\000l\000o\000c\000k\000\050\000\051\000\040\000[\0002\000/\0002\000]}{subsection.5.1.1}% 52
\BOOKMARK [2][-]{subsection.5.1.2}{\376\377\0005\000.\0001\000.\0002\000\040\000M\000e\000m\000b\000e\000r\000\040\000F\000u\000n\000c\000t\000i\000o\000n\000\040\000D\000o\000c\000u\000m\000e\000n\000t\000a\000t\000i\000o\000n}{section.5.1}% 53
\BOOKMARK [3][-]{subsubsection.5.1.2.1}{\376\377\0005\000.\0001\000.\0002\000.\0001\000\040\000b\000l\000o\000c\000k\000\137\000t\000y\000p\000e\000\050\000\051}{subsection.5.1.2}% 54
\BOOKMARK [3][-]{subsubsection.5.1.2.2}{\376\377\0005\000.\0001\000.\0002\000.\0002\000\040\000c\000h\000e\000c\000k\000\137\000b\000u\000m\000p\000e\000d\000\050\000\051}{subsection.5.1.2}% 55
\BOOKMARK [3][-]{subsubsection.5.1.2.3}{\376\377\0005\000.\0001\000.\0002\000.\0003\000\040\000g\000e\000t\000\137\000r\000e\000c\000t\000\050\000\051}{subsection.5.1.2}% 56
\BOOKMARK [3][-]{subsubsection.5.1.2.4}{\376\377\0005\000.\0001\000.\0002\000.\0004\000\040\000g\000e\000t\000\137\000s\000p\000r\000i\000t\000e\000\050\000\051}{subsection.5.1.2}% 57
\BOOKMARK [3][-]{subsubsection.5.1.2.5}{\376\377\0005\000.\0001\000.\0002\000.\0005\000\040\000p\000a\000i\000n\000t\000\050\000\051}{subsection.5.1.2}% 58
\BOOKMARK [3][-]{subsubsection.5.1.2.6}{\376\377\0005\000.\0001\000.\0002\000.\0006\000\040\000p\000o\000s\000\050\000\051}{subsection.5.1.2}% 59
\BOOKMARK [2][-]{subsection.5.1.3}{\376\377\0005\000.\0001\000.\0003\000\040\000M\000e\000m\000b\000e\000r\000\040\000D\000a\000t\000a\000\040\000D\000o\000c\000u\000m\000e\000n\000t\000a\000t\000i\000o\000n}{section.5.1}% 60
\BOOKMARK [3][-]{subsubsection.5.1.3.1}{\376\377\0005\000.\0001\000.\0003\000.\0001\000\040\000s\000p\000r\000i\000t\000e\000s}{subsection.5.1.3}% 61
\BOOKMARK [1][-]{section.5.2}{\376\377\0005\000.\0002\000\040\000B\000u\000t\000t\000o\000n\000\040\000C\000l\000a\000s\000s\000\040\000R\000e\000f\000e\000r\000e\000n\000c\000e}{chapter.5}% 62
\BOOKMARK [2][-]{subsection.5.2.1}{\376\377\0005\000.\0002\000.\0001\000\040\000D\000e\000t\000a\000i\000l\000e\000d\000\040\000D\000e\000s\000c\000r\000i\000p\000t\000i\000o\000n}{section.5.2}% 63
\BOOKMARK [2][-]{subsection.5.2.2}{\376\377\0005\000.\0002\000.\0002\000\040\000C\000o\000n\000s\000t\000r\000u\000c\000t\000o\000r\000\040\000\046\000\040\000D\000e\000s\000t\000r\000u\000c\000t\000o\000r\000\040\000D\000o\000c\000u\000m\000e\000n\000t\000a\000t\000i\000o\000n}{section.5.2}% 64
\BOOKMARK [3][-]{subsubsection.5.2.2.1}{\376\377\0005\000.\0002\000.\0002\000.\0001\000\040\000B\000u\000t\000t\000o\000n\000\050\000\051}{subsection.5.2.2}% 65
\BOOKMARK [2][-]{subsection.5.2.3}{\376\377\0005\000.\0002\000.\0003\000\040\000M\000e\000m\000b\000e\000r\000\040\000F\000u\000n\000c\000t\000i\000o\000n\000\040\000D\000o\000c\000u\000m\000e\000n\000t\000a\000t\000i\000o\000n}{section.5.2}% 66
\BOOKMARK [3][-]{subsubsection.5.2.3.1}{\376\377\0005\000.\0002\000.\0003\000.\0001\000\040\000g\000e\000t\000\137\000r\000e\000c\000t\000\050\000\051}{subsection.5.2.3}% 67
\BOOKMARK [3][-]{subsubsection.5.2.3.2}{\376\377\0005\000.\0002\000.\0003\000.\0002\000\040\000p\000a\000i\000n\000t\000\050\000\051}{subsection.5.2.3}% 68
\BOOKMARK [3][-]{subsubsection.5.2.3.3}{\376\377\0005\000.\0002\000.\0003\000.\0003\000\040\000s\000e\000l\000e\000c\000t\000e\000d\000\050\000\051}{subsection.5.2.3}% 69
\BOOKMARK [1][-]{section.5.3}{\376\377\0005\000.\0003\000\040\000C\000o\000i\000n\000\040\000C\000l\000a\000s\000s\000\040\000R\000e\000f\000e\000r\000e\000n\000c\000e}{chapter.5}% 70
\BOOKMARK [2][-]{subsection.5.3.1}{\376\377\0005\000.\0003\000.\0001\000\040\000C\000o\000n\000s\000t\000r\000u\000c\000t\000o\000r\000\040\000\046\000\040\000D\000e\000s\000t\000r\000u\000c\000t\000o\000r\000\040\000D\000o\000c\000u\000m\000e\000n\000t\000a\000t\000i\000o\000n}{section.5.3}% 71
\BOOKMARK [3][-]{subsubsection.5.3.1.1}{\376\377\0005\000.\0003\000.\0001\000.\0001\000\040\000C\000o\000i\000n\000\050\000\051}{subsection.5.3.1}% 72
\BOOKMARK [2][-]{subsection.5.3.2}{\376\377\0005\000.\0003\000.\0002\000\040\000M\000e\000m\000b\000e\000r\000\040\000F\000u\000n\000c\000t\000i\000o\000n\000\040\000D\000o\000c\000u\000m\000e\000n\000t\000a\000t\000i\000o\000n}{section.5.3}% 73
\BOOKMARK [3][-]{subsubsection.5.3.2.1}{\376\377\0005\000.\0003\000.\0002\000.\0001\000\040\000g\000e\000t\000\137\000r\000e\000c\000t\000\050\000\051}{subsection.5.3.2}% 74
\BOOKMARK [3][-]{subsubsection.5.3.2.2}{\376\377\0005\000.\0003\000.\0002\000.\0002\000\040\000g\000e\000t\000\137\000s\000p\000r\000i\000t\000e\000\050\000\051}{subsection.5.3.2}% 75
\BOOKMARK [3][-]{subsubsection.5.3.2.3}{\376\377\0005\000.\0003\000.\0002\000.\0003\000\040\000i\000s\000\137\000g\000r\000o\000u\000n\000d\000e\000d\000\050\000\051}{subsection.5.3.2}% 76
\BOOKMARK [3][-]{subsubsection.5.3.2.4}{\376\377\0005\000.\0003\000.\0002\000.\0004\000\040\000p\000a\000i\000n\000t\000\050\000\051}{subsection.5.3.2}% 77
\BOOKMARK [3][-]{subsubsection.5.3.2.5}{\376\377\0005\000.\0003\000.\0002\000.\0005\000\040\000p\000o\000s\000\050\000\051}{subsection.5.3.2}% 78
\BOOKMARK [3][-]{subsubsection.5.3.2.6}{\376\377\0005\000.\0003\000.\0002\000.\0006\000\040\000s\000e\000t\000\137\000g\000r\000o\000u\000n\000d\000e\000d\000\050\000\051}{subsection.5.3.2}% 79
\BOOKMARK [3][-]{subsubsection.5.3.2.7}{\376\377\0005\000.\0003\000.\0002\000.\0007\000\040\000s\000e\000t\000\137\000y\000\050\000\051}{subsection.5.3.2}% 80
\BOOKMARK [3][-]{subsubsection.5.3.2.8}{\376\377\0005\000.\0003\000.\0002\000.\0008\000\040\000t\000o\000g\000g\000l\000e\000\137\000g\000r\000o\000u\000n\000d\000e\000d\000\050\000\051}{subsection.5.3.2}% 81
\BOOKMARK [3][-]{subsubsection.5.3.2.9}{\376\377\0005\000.\0003\000.\0002\000.\0009\000\040\000u\000p\000d\000a\000t\000e\000\050\000\051}{subsection.5.3.2}% 82
\BOOKMARK [2][-]{subsection.5.3.3}{\376\377\0005\000.\0003\000.\0003\000\040\000M\000e\000m\000b\000e\000r\000\040\000D\000a\000t\000a\000\040\000D\000o\000c\000u\000m\000e\000n\000t\000a\000t\000i\000o\000n}{section.5.3}% 83
\BOOKMARK [3][-]{subsubsection.5.3.3.1}{\376\377\0005\000.\0003\000.\0003\000.\0001\000\040\000s\000p\000r\000i\000t\000e\000s}{subsection.5.3.3}% 84
\BOOKMARK [1][-]{section.5.4}{\376\377\0005\000.\0004\000\040\000p\000r\000o\0002\000:\000:\000D\000o\000u\000b\000P\000t\000\040\000S\000t\000r\000u\000c\000t\000\040\000R\000e\000f\000e\000r\000e\000n\000c\000e}{chapter.5}% 85
\BOOKMARK [2][-]{subsection.5.4.1}{\376\377\0005\000.\0004\000.\0001\000\040\000M\000e\000m\000b\000e\000r\000\040\000D\000a\000t\000a\000\040\000D\000o\000c\000u\000m\000e\000n\000t\000a\000t\000i\000o\000n}{section.5.4}% 86
\BOOKMARK [3][-]{subsubsection.5.4.1.1}{\376\377\0005\000.\0004\000.\0001\000.\0001\000\040\000x}{subsection.5.4.1}% 87
\BOOKMARK [3][-]{subsubsection.5.4.1.2}{\376\377\0005\000.\0004\000.\0001\000.\0002\000\040\000y}{subsection.5.4.1}% 88
\BOOKMARK [1][-]{section.5.5}{\376\377\0005\000.\0005\000\040\000f\000e\000n\000s\000t\000e\000r\000\040\000S\000t\000r\000u\000c\000t\000\040\000R\000e\000f\000e\000r\000e\000n\000c\000e}{chapter.5}% 89
\BOOKMARK [2][-]{subsection.5.5.1}{\376\377\0005\000.\0005\000.\0001\000\040\000M\000e\000m\000b\000e\000r\000\040\000D\000a\000t\000a\000\040\000D\000o\000c\000u\000m\000e\000n\000t\000a\000t\000i\000o\000n}{section.5.5}% 90
\BOOKMARK [3][-]{subsubsection.5.5.1.1}{\376\377\0005\000.\0005\000.\0001\000.\0001\000\040\000b\000u\000f}{subsection.5.5.1}% 91
\BOOKMARK [3][-]{subsubsection.5.5.1.2}{\376\377\0005\000.\0005\000.\0001\000.\0002\000\040\000d\000p\000y}{subsection.5.5.1}% 92
\BOOKMARK [3][-]{subsubsection.5.5.1.3}{\376\377\0005\000.\0005\000.\0001\000.\0003\000\040\000g\000c}{subsection.5.5.1}% 93
\BOOKMARK [3][-]{subsubsection.5.5.1.4}{\376\377\0005\000.\0005\000.\0001\000.\0004\000\040\000h\000e\000i\000g\000h\000t}{subsection.5.5.1}% 94
\BOOKMARK [3][-]{subsubsection.5.5.1.5}{\376\377\0005\000.\0005\000.\0001\000.\0005\000\040\000i\000m\000g}{subsection.5.5.1}% 95
\BOOKMARK [3][-]{subsubsection.5.5.1.6}{\376\377\0005\000.\0005\000.\0001\000.\0006\000\040\000k\000e\000y\000s}{subsection.5.5.1}% 96
\BOOKMARK [3][-]{subsubsection.5.5.1.7}{\376\377\0005\000.\0005\000.\0001\000.\0007\000\040\000m\000o\000d}{subsection.5.5.1}% 97
\BOOKMARK [3][-]{subsubsection.5.5.1.8}{\376\377\0005\000.\0005\000.\0001\000.\0008\000\040\000m\000o\000u\000s\000e}{subsection.5.5.1}% 98
\BOOKMARK [3][-]{subsubsection.5.5.1.9}{\376\377\0005\000.\0005\000.\0001\000.\0009\000\040\000t\000i\000t\000l\000e}{subsection.5.5.1}% 99
\BOOKMARK [3][-]{subsubsection.5.5.1.10}{\376\377\0005\000.\0005\000.\0001\000.\0001\0000\000\040\000w}{subsection.5.5.1}% 100
\BOOKMARK [3][-]{subsubsection.5.5.1.11}{\376\377\0005\000.\0005\000.\0001\000.\0001\0001\000\040\000w\000i\000d\000t\000h}{subsection.5.5.1}% 101
\BOOKMARK [3][-]{subsubsection.5.5.1.12}{\376\377\0005\000.\0005\000.\0001\000.\0001\0002\000\040\000x}{subsection.5.5.1}% 102
\BOOKMARK [3][-]{subsubsection.5.5.1.13}{\376\377\0005\000.\0005\000.\0001\000.\0001\0003\000\040\000y}{subsection.5.5.1}% 103
\BOOKMARK [1][-]{section.5.6}{\376\377\0005\000.\0006\000\040\000F\000i\000n\000d\000e\000r\000<\000\040\000T\000\040\000>\000\040\000C\000l\000a\000s\000s\000\040\000T\000e\000m\000p\000l\000a\000t\000e\000\040\000R\000e\000f\000e\000r\000e\000n\000c\000e}{chapter.5}% 104
\BOOKMARK [2][-]{subsection.5.6.1}{\376\377\0005\000.\0006\000.\0001\000\040\000D\000e\000t\000a\000i\000l\000e\000d\000\040\000D\000e\000s\000c\000r\000i\000p\000t\000i\000o\000n}{section.5.6}% 105
\BOOKMARK [2][-]{subsection.5.6.2}{\376\377\0005\000.\0006\000.\0002\000\040\000C\000o\000n\000s\000t\000r\000u\000c\000t\000o\000r\000\040\000\046\000\040\000D\000e\000s\000t\000r\000u\000c\000t\000o\000r\000\040\000D\000o\000c\000u\000m\000e\000n\000t\000a\000t\000i\000o\000n}{section.5.6}% 106
\BOOKMARK [3][-]{subsubsection.5.6.2.1}{\376\377\0005\000.\0006\000.\0002\000.\0001\000\040\000F\000i\000n\000d\000e\000r\000\050\000\051}{subsection.5.6.2}% 107
\BOOKMARK [2][-]{subsection.5.6.3}{\376\377\0005\000.\0006\000.\0003\000\040\000M\000e\000m\000b\000e\000r\000\040\000F\000u\000n\000c\000t\000i\000o\000n\000\040\000D\000o\000c\000u\000m\000e\000n\000t\000a\000t\000i\000o\000n}{section.5.6}% 108
\BOOKMARK [3][-]{subsubsection.5.6.3.1}{\376\377\0005\000.\0006\000.\0003\000.\0001\000\040\000a\000d\000d\000\050\000\051}{subsection.5.6.3}% 109
\BOOKMARK [3][-]{subsubsection.5.6.3.2}{\376\377\0005\000.\0006\000.\0003\000.\0002\000\040\000A\000d\000d\000F\000r\000o\000m\000L\000i\000s\000t\000\050\000\051}{subsection.5.6.3}% 110
\BOOKMARK [3][-]{subsubsection.5.6.3.3}{\376\377\0005\000.\0006\000.\0003\000.\0003\000\040\000q\000u\000e\000r\000y\000\050\000\051}{subsection.5.6.3}% 111
\BOOKMARK [3][-]{subsubsection.5.6.3.4}{\376\377\0005\000.\0006\000.\0003\000.\0004\000\040\000r\000e\000m\000o\000v\000e\000\050\000\051}{subsection.5.6.3}% 112
\BOOKMARK [3][-]{subsubsection.5.6.3.5}{\376\377\0005\000.\0006\000.\0003\000.\0005\000\040\000r\000e\000m\000o\000v\000e\000\137\000a\000n\000d\000\137\000d\000e\000l\000e\000t\000e\000\050\000\051}{subsection.5.6.3}% 113
\BOOKMARK [3][-]{subsubsection.5.6.3.6}{\376\377\0005\000.\0006\000.\0003\000.\0006\000\040\000u\000p\000d\000a\000t\000e\000\050\000\051}{subsection.5.6.3}% 114
\BOOKMARK [1][-]{section.5.7}{\376\377\0005\000.\0007\000\040\000G\000a\000m\000e\000\040\000C\000l\000a\000s\000s\000\040\000R\000e\000f\000e\000r\000e\000n\000c\000e}{chapter.5}% 115
\BOOKMARK [2][-]{subsection.5.7.1}{\376\377\0005\000.\0007\000.\0001\000\040\000C\000o\000n\000s\000t\000r\000u\000c\000t\000o\000r\000\040\000\046\000\040\000D\000e\000s\000t\000r\000u\000c\000t\000o\000r\000\040\000D\000o\000c\000u\000m\000e\000n\000t\000a\000t\000i\000o\000n}{section.5.7}% 116
\BOOKMARK [3][-]{subsubsection.5.7.1.1}{\376\377\0005\000.\0007\000.\0001\000.\0001\000\040\000G\000a\000m\000e\000\050\000\051}{subsection.5.7.1}% 117
\BOOKMARK [2][-]{subsection.5.7.2}{\376\377\0005\000.\0007\000.\0002\000\040\000M\000e\000m\000b\000e\000r\000\040\000F\000u\000n\000c\000t\000i\000o\000n\000\040\000D\000o\000c\000u\000m\000e\000n\000t\000a\000t\000i\000o\000n}{section.5.7}% 118
\BOOKMARK [3][-]{subsubsection.5.7.2.1}{\376\377\0005\000.\0007\000.\0002\000.\0001\000\040\000a\000n\000i\000m\000\137\000s\000t\000e\000p\000\050\000\051}{subsection.5.7.2}% 119
\BOOKMARK [3][-]{subsubsection.5.7.2.2}{\376\377\0005\000.\0007\000.\0002\000.\0002\000\040\000e\000x\000i\000t\000\137\000c\000o\000d\000e\000\050\000\051}{subsection.5.7.2}% 120
\BOOKMARK [3][-]{subsubsection.5.7.2.3}{\376\377\0005\000.\0007\000.\0002\000.\0003\000\040\000i\000s\000\137\000f\000i\000n\000i\000s\000h\000e\000d\000\050\000\051}{subsection.5.7.2}% 121
\BOOKMARK [3][-]{subsubsection.5.7.2.4}{\376\377\0005\000.\0007\000.\0002\000.\0004\000\040\000i\000s\000\137\000p\000a\000u\000s\000e\000d\000\050\000\051}{subsection.5.7.2}% 122
\BOOKMARK [3][-]{subsubsection.5.7.2.5}{\376\377\0005\000.\0007\000.\0002\000.\0005\000\040\000p\000a\000i\000n\000t\000\050\000\051}{subsection.5.7.2}% 123
\BOOKMARK [3][-]{subsubsection.5.7.2.6}{\376\377\0005\000.\0007\000.\0002\000.\0006\000\040\000s\000p\000a\000w\000n\000\137\000c\000o\000i\000n\000\050\000\051}{subsection.5.7.2}% 124
\BOOKMARK [3][-]{subsubsection.5.7.2.7}{\376\377\0005\000.\0007\000.\0002\000.\0007\000\040\000u\000p\000d\000a\000t\000e\000\050\000\051}{subsection.5.7.2}% 125
\BOOKMARK [1][-]{section.5.8}{\376\377\0005\000.\0008\000\040\000I\000n\000t\000e\000r\000a\000c\000t\000a\000b\000l\000e\000\040\000C\000l\000a\000s\000s\000\040\000R\000e\000f\000e\000r\000e\000n\000c\000e}{chapter.5}% 126
\BOOKMARK [2][-]{subsection.5.8.1}{\376\377\0005\000.\0008\000.\0001\000\040\000D\000e\000t\000a\000i\000l\000e\000d\000\040\000D\000e\000s\000c\000r\000i\000p\000t\000i\000o\000n}{section.5.8}% 127
\BOOKMARK [2][-]{subsection.5.8.2}{\376\377\0005\000.\0008\000.\0002\000\040\000C\000o\000n\000s\000t\000r\000u\000c\000t\000o\000r\000\040\000\046\000\040\000D\000e\000s\000t\000r\000u\000c\000t\000o\000r\000\040\000D\000o\000c\000u\000m\000e\000n\000t\000a\000t\000i\000o\000n}{section.5.8}% 128
\BOOKMARK [3][-]{subsubsection.5.8.2.1}{\376\377\0005\000.\0008\000.\0002\000.\0001\000\040\000I\000n\000t\000e\000r\000a\000c\000t\000a\000b\000l\000e\000\050\000\051}{subsection.5.8.2}% 129
\BOOKMARK [2][-]{subsection.5.8.3}{\376\377\0005\000.\0008\000.\0003\000\040\000M\000e\000m\000b\000e\000r\000\040\000F\000u\000n\000c\000t\000i\000o\000n\000\040\000D\000o\000c\000u\000m\000e\000n\000t\000a\000t\000i\000o\000n}{section.5.8}% 130
\BOOKMARK [3][-]{subsubsection.5.8.3.1}{\376\377\0005\000.\0008\000.\0003\000.\0001\000\040\000c\000o\000l\000l\000i\000s\000i\000o\000n\000\137\000b\000o\000x\000\050\000\051}{subsection.5.8.3}% 131
\BOOKMARK [3][-]{subsubsection.5.8.3.2}{\376\377\0005\000.\0008\000.\0003\000.\0002\000\040\000p\000a\000i\000n\000t\000\050\000\051}{subsection.5.8.3}% 132
\BOOKMARK [3][-]{subsubsection.5.8.3.3}{\376\377\0005\000.\0008\000.\0003\000.\0003\000\040\000p\000o\000s\000\050\000\051}{subsection.5.8.3}% 133
\BOOKMARK [3][-]{subsubsection.5.8.3.4}{\376\377\0005\000.\0008\000.\0003\000.\0004\000\040\000t\000y\000p\000e\000\050\000\051}{subsection.5.8.3}% 134
\BOOKMARK [3][-]{subsubsection.5.8.3.5}{\376\377\0005\000.\0008\000.\0003\000.\0005\000\040\000u\000p\000d\000a\000t\000e\000\050\000\051}{subsection.5.8.3}% 135
\BOOKMARK [1][-]{section.5.9}{\376\377\0005\000.\0009\000\040\000M\000a\000r\000i\000o\000\040\000C\000l\000a\000s\000s\000\040\000R\000e\000f\000e\000r\000e\000n\000c\000e}{chapter.5}% 136
\BOOKMARK [2][-]{subsection.5.9.1}{\376\377\0005\000.\0009\000.\0001\000\040\000C\000o\000n\000s\000t\000r\000u\000c\000t\000o\000r\000\040\000\046\000\040\000D\000e\000s\000t\000r\000u\000c\000t\000o\000r\000\040\000D\000o\000c\000u\000m\000e\000n\000t\000a\000t\000i\000o\000n}{section.5.9}% 137
\BOOKMARK [3][-]{subsubsection.5.9.1.1}{\376\377\0005\000.\0009\000.\0001\000.\0001\000\040\000M\000a\000r\000i\000o\000\050\000\051}{subsection.5.9.1}% 138
\BOOKMARK [2][-]{subsection.5.9.2}{\376\377\0005\000.\0009\000.\0002\000\040\000M\000e\000m\000b\000e\000r\000\040\000F\000u\000n\000c\000t\000i\000o\000n\000\040\000D\000o\000c\000u\000m\000e\000n\000t\000a\000t\000i\000o\000n}{section.5.9}% 139
\BOOKMARK [3][-]{subsubsection.5.9.2.1}{\376\377\0005\000.\0009\000.\0002\000.\0001\000\040\000a\000d\000d\000\137\000c\000o\000i\000n\000\050\000\051}{subsection.5.9.2}% 140
\BOOKMARK [3][-]{subsubsection.5.9.2.2}{\376\377\0005\000.\0009\000.\0002\000.\0002\000\040\000c\000o\000l\000l\000i\000s\000i\000o\000n\000\137\000b\000o\000x\000\050\000\051}{subsection.5.9.2}% 141
\BOOKMARK [3][-]{subsubsection.5.9.2.3}{\376\377\0005\000.\0009\000.\0002\000.\0003\000\040\000g\000e\000t\000\137\000c\000o\000i\000n\000\137\000c\000o\000u\000n\000t\000\050\000\051}{subsection.5.9.2}% 142
\BOOKMARK [3][-]{subsubsection.5.9.2.4}{\376\377\0005\000.\0009\000.\0002\000.\0004\000\040\000g\000e\000t\000\137\000s\000t\000a\000t\000e\000\050\000\051}{subsection.5.9.2}% 143
\BOOKMARK [3][-]{subsubsection.5.9.2.5}{\376\377\0005\000.\0009\000.\0002\000.\0005\000\040\000i\000s\000\137\000g\000r\000o\000u\000n\000d\000e\000d\000\050\000\051}{subsection.5.9.2}% 144
\BOOKMARK [3][-]{subsubsection.5.9.2.6}{\376\377\0005\000.\0009\000.\0002\000.\0006\000\040\000j\000u\000m\000p\000\050\000\051}{subsection.5.9.2}% 145
\BOOKMARK [3][-]{subsubsection.5.9.2.7}{\376\377\0005\000.\0009\000.\0002\000.\0007\000\040\000p\000a\000i\000n\000t\000\050\000\051}{subsection.5.9.2}% 146
\BOOKMARK [3][-]{subsubsection.5.9.2.8}{\376\377\0005\000.\0009\000.\0002\000.\0008\000\040\000p\000o\000s\000\050\000\051}{subsection.5.9.2}% 147
\BOOKMARK [3][-]{subsubsection.5.9.2.9}{\376\377\0005\000.\0009\000.\0002\000.\0009\000\040\000s\000e\000t\000\137\000g\000r\000o\000u\000n\000d\000e\000d\000\050\000\051}{subsection.5.9.2}% 148
\BOOKMARK [3][-]{subsubsection.5.9.2.10}{\376\377\0005\000.\0009\000.\0002\000.\0001\0000\000\040\000s\000e\000t\000\137\000s\000t\000a\000t\000e\000\050\000\051}{subsection.5.9.2}% 149
\BOOKMARK [3][-]{subsubsection.5.9.2.11}{\376\377\0005\000.\0009\000.\0002\000.\0001\0001\000\040\000s\000e\000t\000\137\000y\000\050\000\051}{subsection.5.9.2}% 150
\BOOKMARK [3][-]{subsubsection.5.9.2.12}{\376\377\0005\000.\0009\000.\0002\000.\0001\0002\000\040\000t\000o\000g\000g\000l\000e\000\137\000g\000r\000o\000u\000n\000d\000e\000d\000\050\000\051}{subsection.5.9.2}% 151
\BOOKMARK [3][-]{subsubsection.5.9.2.13}{\376\377\0005\000.\0009\000.\0002\000.\0001\0003\000\040\000u\000p\000d\000a\000t\000e\000\050\000\051}{subsection.5.9.2}% 152
\BOOKMARK [1][-]{section.5.10}{\376\377\0005\000.\0001\0000\000\040\000P\000l\000a\000t\000f\000o\000r\000m\000\040\000C\000l\000a\000s\000s\000\040\000R\000e\000f\000e\000r\000e\000n\000c\000e}{chapter.5}% 153
\BOOKMARK [2][-]{subsection.5.10.1}{\376\377\0005\000.\0001\0000\000.\0001\000\040\000C\000o\000n\000s\000t\000r\000u\000c\000t\000o\000r\000\040\000\046\000\040\000D\000e\000s\000t\000r\000u\000c\000t\000o\000r\000\040\000D\000o\000c\000u\000m\000e\000n\000t\000a\000t\000i\000o\000n}{section.5.10}% 154
\BOOKMARK [3][-]{subsubsection.5.10.1.1}{\376\377\0005\000.\0001\0000\000.\0001\000.\0001\000\040\000P\000l\000a\000t\000f\000o\000r\000m\000\050\000\051\000\040\000[\0001\000/\0003\000]}{subsection.5.10.1}% 155
\BOOKMARK [3][-]{subsubsection.5.10.1.2}{\376\377\0005\000.\0001\0000\000.\0001\000.\0002\000\040\000P\000l\000a\000t\000f\000o\000r\000m\000\050\000\051\000\040\000[\0002\000/\0003\000]}{subsection.5.10.1}% 156
\BOOKMARK [3][-]{subsubsection.5.10.1.3}{\376\377\0005\000.\0001\0000\000.\0001\000.\0003\000\040\000P\000l\000a\000t\000f\000o\000r\000m\000\050\000\051\000\040\000[\0003\000/\0003\000]}{subsection.5.10.1}% 157
\BOOKMARK [2][-]{subsection.5.10.2}{\376\377\0005\000.\0001\0000\000.\0002\000\040\000M\000e\000m\000b\000e\000r\000\040\000F\000u\000n\000c\000t\000i\000o\000n\000\040\000D\000o\000c\000u\000m\000e\000n\000t\000a\000t\000i\000o\000n}{section.5.10}% 158
\BOOKMARK [3][-]{subsubsection.5.10.2.1}{\376\377\0005\000.\0001\0000\000.\0002\000.\0001\000\040\000g\000e\000t\000\137\000r\000e\000c\000t\000\050\000\051}{subsection.5.10.2}% 159
\BOOKMARK [3][-]{subsubsection.5.10.2.2}{\376\377\0005\000.\0001\0000\000.\0002\000.\0002\000\040\000h\000a\000s\000\137\000c\000r\000o\000s\000s\000e\000d\000\137\000f\000l\000o\000o\000r\000\137\000d\000o\000w\000n\000w\000a\000r\000d\000s\000\050\000\051}{subsection.5.10.2}% 160
\BOOKMARK [3][-]{subsubsection.5.10.2.3}{\376\377\0005\000.\0001\0000\000.\0002\000.\0003\000\040\000i\000s\000\137\000p\000t\000\137\000i\000n\000s\000i\000d\000e\000\050\000\051}{subsection.5.10.2}% 161
\BOOKMARK [3][-]{subsubsection.5.10.2.4}{\376\377\0005\000.\0001\0000\000.\0002\000.\0004\000\040\000p\000a\000i\000n\000t\000\050\000\051}{subsection.5.10.2}% 162
\BOOKMARK [3][-]{subsubsection.5.10.2.5}{\376\377\0005\000.\0001\0000\000.\0002\000.\0005\000\040\000t\000o\000p\000\050\000\051}{subsection.5.10.2}% 163
\BOOKMARK [1][-]{section.5.11}{\376\377\0005\000.\0001\0001\000\040\000p\000r\000o\0002\000:\000:\000P\000t\000\040\000S\000t\000r\000u\000c\000t\000\040\000R\000e\000f\000e\000r\000e\000n\000c\000e}{chapter.5}% 164
\BOOKMARK [2][-]{subsection.5.11.1}{\376\377\0005\000.\0001\0001\000.\0001\000\040\000M\000e\000m\000b\000e\000r\000\040\000F\000u\000n\000c\000t\000i\000o\000n\000\040\000D\000o\000c\000u\000m\000e\000n\000t\000a\000t\000i\000o\000n}{section.5.11}% 165
\BOOKMARK [3][-]{subsubsection.5.11.1.1}{\376\377\0005\000.\0001\0001\000.\0001\000.\0001\000\040\000o\000p\000e\000r\000a\000t\000o\000r\000+\000\050\000\051}{subsection.5.11.1}% 166
\BOOKMARK [3][-]{subsubsection.5.11.1.2}{\376\377\0005\000.\0001\0001\000.\0001\000.\0002\000\040\000o\000p\000e\000r\000a\000t\000o\000r\000+\000=\000\050\000\051}{subsection.5.11.1}% 167
\BOOKMARK [3][-]{subsubsection.5.11.1.3}{\376\377\0005\000.\0001\0001\000.\0001\000.\0003\000\040\000o\000p\000e\000r\000a\000t\000o\000r\000-\000\050\000\051}{subsection.5.11.1}% 168
\BOOKMARK [3][-]{subsubsection.5.11.1.4}{\376\377\0005\000.\0001\0001\000.\0001\000.\0004\000\040\000o\000p\000e\000r\000a\000t\000o\000r\000-\000=\000\050\000\051}{subsection.5.11.1}% 169
\BOOKMARK [2][-]{subsection.5.11.2}{\376\377\0005\000.\0001\0001\000.\0002\000\040\000M\000e\000m\000b\000e\000r\000\040\000D\000a\000t\000a\000\040\000D\000o\000c\000u\000m\000e\000n\000t\000a\000t\000i\000o\000n}{section.5.11}% 170
\BOOKMARK [3][-]{subsubsection.5.11.2.1}{\376\377\0005\000.\0001\0001\000.\0002\000.\0001\000\040\000x}{subsection.5.11.2}% 171
\BOOKMARK [3][-]{subsubsection.5.11.2.2}{\376\377\0005\000.\0001\0001\000.\0002\000.\0002\000\040\000y}{subsection.5.11.2}% 172
\BOOKMARK [1][-]{section.5.12}{\376\377\0005\000.\0001\0002\000\040\000p\000r\000o\0002\000:\000:\000R\000e\000c\000t\000\040\000S\000t\000r\000u\000c\000t\000\040\000R\000e\000f\000e\000r\000e\000n\000c\000e}{chapter.5}% 173
\BOOKMARK [2][-]{subsection.5.12.1}{\376\377\0005\000.\0001\0002\000.\0001\000\040\000M\000e\000m\000b\000e\000r\000\040\000F\000u\000n\000c\000t\000i\000o\000n\000\040\000D\000o\000c\000u\000m\000e\000n\000t\000a\000t\000i\000o\000n}{section.5.12}% 174
\BOOKMARK [3][-]{subsubsection.5.12.1.1}{\376\377\0005\000.\0001\0002\000.\0001\000.\0001\000\040\000h\000e\000i\000g\000h\000t\000\050\000\051}{subsection.5.12.1}% 175
\BOOKMARK [3][-]{subsubsection.5.12.1.2}{\376\377\0005\000.\0001\0002\000.\0001\000.\0002\000\040\000o\000p\000e\000r\000a\000t\000o\000r\000+\000=\000\050\000\051}{subsection.5.12.1}% 176
\BOOKMARK [3][-]{subsubsection.5.12.1.3}{\376\377\0005\000.\0001\0002\000.\0001\000.\0003\000\040\000o\000p\000e\000r\000a\000t\000o\000r\000-\000=\000\050\000\051}{subsection.5.12.1}% 177
\BOOKMARK [3][-]{subsubsection.5.12.1.4}{\376\377\0005\000.\0001\0002\000.\0001\000.\0004\000\040\000w\000i\000d\000t\000h\000\050\000\051}{subsection.5.12.1}% 178
\BOOKMARK [2][-]{subsection.5.12.2}{\376\377\0005\000.\0001\0002\000.\0002\000\040\000M\000e\000m\000b\000e\000r\000\040\000D\000a\000t\000a\000\040\000D\000o\000c\000u\000m\000e\000n\000t\000a\000t\000i\000o\000n}{section.5.12}% 179
\BOOKMARK [3][-]{subsubsection.5.12.2.1}{\376\377\0005\000.\0001\0002\000.\0002\000.\0001\000\040\000b\000o\000t\000t\000o\000m}{subsection.5.12.2}% 180
\BOOKMARK [3][-]{subsubsection.5.12.2.2}{\376\377\0005\000.\0001\0002\000.\0002\000.\0002\000\040\000l\000e\000f\000t}{subsection.5.12.2}% 181
\BOOKMARK [3][-]{subsubsection.5.12.2.3}{\376\377\0005\000.\0001\0002\000.\0002\000.\0003\000\040\000r\000i\000g\000h\000t}{subsection.5.12.2}% 182
\BOOKMARK [3][-]{subsubsection.5.12.2.4}{\376\377\0005\000.\0001\0002\000.\0002\000.\0004\000\040\000t\000o\000p}{subsection.5.12.2}% 183
\BOOKMARK [1][-]{section.5.13}{\376\377\0005\000.\0001\0003\000\040\000S\000t\000a\000r\000t\000S\000c\000r\000e\000e\000n\000\040\000C\000l\000a\000s\000s\000\040\000R\000e\000f\000e\000r\000e\000n\000c\000e}{chapter.5}% 184
\BOOKMARK [2][-]{subsection.5.13.1}{\376\377\0005\000.\0001\0003\000.\0001\000\040\000D\000e\000t\000a\000i\000l\000e\000d\000\040\000D\000e\000s\000c\000r\000i\000p\000t\000i\000o\000n}{section.5.13}% 185
\BOOKMARK [2][-]{subsection.5.13.2}{\376\377\0005\000.\0001\0003\000.\0002\000\040\000C\000o\000n\000s\000t\000r\000u\000c\000t\000o\000r\000\040\000\046\000\040\000D\000e\000s\000t\000r\000u\000c\000t\000o\000r\000\040\000D\000o\000c\000u\000m\000e\000n\000t\000a\000t\000i\000o\000n}{section.5.13}% 186
\BOOKMARK [3][-]{subsubsection.5.13.2.1}{\376\377\0005\000.\0001\0003\000.\0002\000.\0001\000\040\000S\000t\000a\000r\000t\000S\000c\000r\000e\000e\000n\000\050\000\051}{subsection.5.13.2}% 187
\BOOKMARK [2][-]{subsection.5.13.3}{\376\377\0005\000.\0001\0003\000.\0003\000\040\000M\000e\000m\000b\000e\000r\000\040\000F\000u\000n\000c\000t\000i\000o\000n\000\040\000D\000o\000c\000u\000m\000e\000n\000t\000a\000t\000i\000o\000n}{section.5.13}% 188
\BOOKMARK [3][-]{subsubsection.5.13.3.1}{\376\377\0005\000.\0001\0003\000.\0003\000.\0001\000\040\000e\000x\000i\000t\000\137\000c\000o\000d\000e\000\050\000\051}{subsection.5.13.3}% 189
\BOOKMARK [3][-]{subsubsection.5.13.3.2}{\376\377\0005\000.\0001\0003\000.\0003\000.\0002\000\040\000i\000s\000\137\000f\000i\000n\000i\000s\000h\000e\000d\000\050\000\051}{subsection.5.13.3}% 190
\BOOKMARK [3][-]{subsubsection.5.13.3.3}{\376\377\0005\000.\0001\0003\000.\0003\000.\0003\000\040\000p\000a\000i\000n\000t\000\050\000\051}{subsection.5.13.3}% 191
\BOOKMARK [3][-]{subsubsection.5.13.3.4}{\376\377\0005\000.\0001\0003\000.\0003\000.\0004\000\040\000p\000r\000o\000c\000e\000s\000s\000\137\000k\000e\000y\000s\000\050\000\051}{subsection.5.13.3}% 192
\BOOKMARK [3][-]{subsubsection.5.13.3.5}{\376\377\0005\000.\0001\0003\000.\0003\000.\0005\000\040\000r\000e\000s\000t\000a\000r\000t\000\050\000\051}{subsection.5.13.3}% 193
\BOOKMARK [3][-]{subsubsection.5.13.3.6}{\376\377\0005\000.\0001\0003\000.\0003\000.\0006\000\040\000u\000p\000d\000a\000t\000e\000\050\000\051}{subsection.5.13.3}% 194
\BOOKMARK [1][-]{section.5.14}{\376\377\0005\000.\0001\0004\000\040\000p\000r\000o\0002\000:\000:\000T\000e\000x\000t\000W\000r\000i\000t\000e\000r\000\040\000C\000l\000a\000s\000s\000\040\000R\000e\000f\000e\000r\000e\000n\000c\000e}{chapter.5}% 195
\BOOKMARK [2][-]{subsection.5.14.1}{\376\377\0005\000.\0001\0004\000.\0001\000\040\000D\000e\000t\000a\000i\000l\000e\000d\000\040\000D\000e\000s\000c\000r\000i\000p\000t\000i\000o\000n}{section.5.14}% 196
\BOOKMARK [2][-]{subsection.5.14.2}{\376\377\0005\000.\0001\0004\000.\0002\000\040\000C\000o\000n\000s\000t\000r\000u\000c\000t\000o\000r\000\040\000\046\000\040\000D\000e\000s\000t\000r\000u\000c\000t\000o\000r\000\040\000D\000o\000c\000u\000m\000e\000n\000t\000a\000t\000i\000o\000n}{section.5.14}% 197
\BOOKMARK [3][-]{subsubsection.5.14.2.1}{\376\377\0005\000.\0001\0004\000.\0002\000.\0001\000\040\000T\000e\000x\000t\000W\000r\000i\000t\000e\000r\000\050\000\051\000\040\000[\0001\000/\0004\000]}{subsection.5.14.2}% 198
\BOOKMARK [3][-]{subsubsection.5.14.2.2}{\376\377\0005\000.\0001\0004\000.\0002\000.\0002\000\040\000T\000e\000x\000t\000W\000r\000i\000t\000e\000r\000\050\000\051\000\040\000[\0002\000/\0004\000]}{subsection.5.14.2}% 199
\BOOKMARK [3][-]{subsubsection.5.14.2.3}{\376\377\0005\000.\0001\0004\000.\0002\000.\0003\000\040\000T\000e\000x\000t\000W\000r\000i\000t\000e\000r\000\050\000\051\000\040\000[\0003\000/\0004\000]}{subsection.5.14.2}% 200
\BOOKMARK [3][-]{subsubsection.5.14.2.4}{\376\377\0005\000.\0001\0004\000.\0002\000.\0004\000\040\000T\000e\000x\000t\000W\000r\000i\000t\000e\000r\000\050\000\051\000\040\000[\0004\000/\0004\000]}{subsection.5.14.2}% 201
\BOOKMARK [2][-]{subsection.5.14.3}{\376\377\0005\000.\0001\0004\000.\0003\000\040\000M\000e\000m\000b\000e\000r\000\040\000F\000u\000n\000c\000t\000i\000o\000n\000\040\000D\000o\000c\000u\000m\000e\000n\000t\000a\000t\000i\000o\000n}{section.5.14}% 202
\BOOKMARK [3][-]{subsubsection.5.14.3.1}{\376\377\0005\000.\0001\0004\000.\0003\000.\0001\000\040\000g\000e\000t\000\137\000c\000h\000a\000r\000s\000e\000t\000\050\000\051}{subsection.5.14.3}% 203
\BOOKMARK [3][-]{subsubsection.5.14.3.2}{\376\377\0005\000.\0001\0004\000.\0003\000.\0002\000\040\000g\000e\000t\000\137\000f\000o\000n\000t\000\050\000\051}{subsection.5.14.3}% 204
\BOOKMARK [3][-]{subsubsection.5.14.3.3}{\376\377\0005\000.\0001\0004\000.\0003\000.\0003\000\040\000g\000e\000t\000\137\000p\000a\000l\000e\000t\000t\000e\000\050\000\051}{subsection.5.14.3}% 205
\BOOKMARK [3][-]{subsubsection.5.14.3.4}{\376\377\0005\000.\0001\0004\000.\0003\000.\0004\000\040\000g\000e\000t\000\137\000s\000p\000r\000i\000t\000e\000\050\000\051}{subsection.5.14.3}% 206
\BOOKMARK [3][-]{subsubsection.5.14.3.5}{\376\377\0005\000.\0001\0004\000.\0003\000.\0005\000\040\000s\000e\000t\000\137\000c\000h\000a\000r\000s\000e\000t\000\050\000\051\000\040\000[\0001\000/\0002\000]}{subsection.5.14.3}% 207
\BOOKMARK [3][-]{subsubsection.5.14.3.6}{\376\377\0005\000.\0001\0004\000.\0003\000.\0006\000\040\000s\000e\000t\000\137\000c\000h\000a\000r\000s\000e\000t\000\050\000\051\000\040\000[\0002\000/\0002\000]}{subsection.5.14.3}% 208
\BOOKMARK [3][-]{subsubsection.5.14.3.7}{\376\377\0005\000.\0001\0004\000.\0003\000.\0007\000\040\000s\000e\000t\000\137\000f\000o\000n\000t\000\050\000\051\000\040\000[\0001\000/\0002\000]}{subsection.5.14.3}% 209
\BOOKMARK [3][-]{subsubsection.5.14.3.8}{\376\377\0005\000.\0001\0004\000.\0003\000.\0008\000\040\000s\000e\000t\000\137\000f\000o\000n\000t\000\050\000\051\000\040\000[\0002\000/\0002\000]}{subsection.5.14.3}% 210
\BOOKMARK [3][-]{subsubsection.5.14.3.9}{\376\377\0005\000.\0001\0004\000.\0003\000.\0009\000\040\000s\000e\000t\000\137\000p\000a\000l\000e\000t\000t\000e\000\050\000\051\000\040\000[\0001\000/\0002\000]}{subsection.5.14.3}% 211
\BOOKMARK [3][-]{subsubsection.5.14.3.10}{\376\377\0005\000.\0001\0004\000.\0003\000.\0001\0000\000\040\000s\000e\000t\000\137\000p\000a\000l\000e\000t\000t\000e\000\050\000\051\000\040\000[\0002\000/\0002\000]}{subsection.5.14.3}% 212
\BOOKMARK [3][-]{subsubsection.5.14.3.11}{\376\377\0005\000.\0001\0004\000.\0003\000.\0001\0001\000\040\000w\000r\000i\000t\000e\000\137\000t\000e\000x\000t\000\050\000\051}{subsection.5.14.3}% 213
\BOOKMARK [1][-]{section.5.15}{\376\377\0005\000.\0001\0005\000\040\000p\000r\000o\0002\000:\000:\000W\000i\000n\000d\000o\000w\000\040\000C\000l\000a\000s\000s\000\040\000R\000e\000f\000e\000r\000e\000n\000c\000e}{chapter.5}% 214
\BOOKMARK [2][-]{subsection.5.15.1}{\376\377\0005\000.\0001\0005\000.\0001\000\040\000D\000e\000t\000a\000i\000l\000e\000d\000\040\000D\000e\000s\000c\000r\000i\000p\000t\000i\000o\000n}{section.5.15}% 215
\BOOKMARK [2][-]{subsection.5.15.2}{\376\377\0005\000.\0001\0005\000.\0002\000\040\000C\000o\000n\000s\000t\000r\000u\000c\000t\000o\000r\000\040\000\046\000\040\000D\000e\000s\000t\000r\000u\000c\000t\000o\000r\000\040\000D\000o\000c\000u\000m\000e\000n\000t\000a\000t\000i\000o\000n}{section.5.15}% 216
\BOOKMARK [3][-]{subsubsection.5.15.2.1}{\376\377\0005\000.\0001\0005\000.\0002\000.\0001\000\040\000W\000i\000n\000d\000o\000w\000\050\000\051}{subsection.5.15.2}% 217
\BOOKMARK [3][-]{subsubsection.5.15.2.2}{\376\377\0005\000.\0001\0005\000.\0002\000.\0002\000\040\000~\000W\000i\000n\000d\000o\000w\000\050\000\051}{subsection.5.15.2}% 218
\BOOKMARK [2][-]{subsection.5.15.3}{\376\377\0005\000.\0001\0005\000.\0003\000\040\000M\000e\000m\000b\000e\000r\000\040\000F\000u\000n\000c\000t\000i\000o\000n\000\040\000D\000o\000c\000u\000m\000e\000n\000t\000a\000t\000i\000o\000n}{section.5.15}% 219
\BOOKMARK [3][-]{subsubsection.5.15.3.1}{\376\377\0005\000.\0001\0005\000.\0003\000.\0001\000\040\000c\000a\000m\000e\000r\000a\000\137\000c\000e\000n\000t\000e\000r\000\050\000\051}{subsection.5.15.3}% 220
\BOOKMARK [3][-]{subsubsection.5.15.3.2}{\376\377\0005\000.\0001\0005\000.\0003\000.\0002\000\040\000c\000a\000m\000e\000r\000a\000\137\000r\000e\000c\000t\000\050\000\051}{subsection.5.15.3}% 221
\BOOKMARK [3][-]{subsubsection.5.15.3.3}{\376\377\0005\000.\0001\0005\000.\0003\000.\0003\000\040\000c\000l\000e\000a\000r\000\050\000\051}{subsection.5.15.3}% 222
\BOOKMARK [3][-]{subsubsection.5.15.3.4}{\376\377\0005\000.\0001\0005\000.\0003\000.\0004\000\040\000f\000r\000a\000m\000e\000\137\000c\000o\000u\000n\000t\000\050\000\051}{subsection.5.15.3}% 223
\BOOKMARK [3][-]{subsubsection.5.15.3.5}{\376\377\0005\000.\0001\0005\000.\0003\000.\0005\000\040\000g\000e\000t\000\137\000p\000i\000x\000e\000l\000\050\000\051}{subsection.5.15.3}% 224
\BOOKMARK [3][-]{subsubsection.5.15.3.6}{\376\377\0005\000.\0001\0005\000.\0003\000.\0006\000\040\000h\000e\000i\000g\000h\000t\000\050\000\051}{subsection.5.15.3}% 225
\BOOKMARK [3][-]{subsubsection.5.15.3.7}{\376\377\0005\000.\0001\0005\000.\0003\000.\0007\000\040\000i\000s\000\137\000k\000e\000y\000\137\000d\000o\000w\000n\000\050\000\051}{subsection.5.15.3}% 226
\BOOKMARK [3][-]{subsubsection.5.15.3.8}{\376\377\0005\000.\0001\0005\000.\0003\000.\0008\000\040\000i\000s\000\137\000m\000o\000d\000k\000e\000y\000\137\000d\000o\000w\000n\000\050\000\051}{subsection.5.15.3}% 227
\BOOKMARK [3][-]{subsubsection.5.15.3.9}{\376\377\0005\000.\0001\0005\000.\0003\000.\0009\000\040\000i\000s\000\137\000m\000o\000u\000s\000e\000\137\000d\000o\000w\000n\000\050\000\051}{subsection.5.15.3}% 228
\BOOKMARK [3][-]{subsubsection.5.15.3.10}{\376\377\0005\000.\0001\0005\000.\0003\000.\0001\0000\000\040\000m\000o\000u\000s\000e\000\137\000p\000o\000s\000\050\000\051}{subsection.5.15.3}% 229
\BOOKMARK [3][-]{subsubsection.5.15.3.11}{\376\377\0005\000.\0001\0005\000.\0003\000.\0001\0001\000\040\000m\000o\000v\000e\000\137\000c\000a\000m\000e\000r\000a\000\050\000\051}{subsection.5.15.3}% 230
\BOOKMARK [3][-]{subsubsection.5.15.3.12}{\376\377\0005\000.\0001\0005\000.\0003\000.\0001\0002\000\040\000n\000e\000x\000t\000\137\000f\000r\000a\000m\000e\000\050\000\051}{subsection.5.15.3}% 231
\BOOKMARK [3][-]{subsubsection.5.15.3.13}{\376\377\0005\000.\0001\0005\000.\0003\000.\0001\0003\000\040\000s\000e\000t\000\137\000c\000a\000m\000e\000r\000a\000\137\000t\000o\000p\000l\000e\000f\000t\000\050\000\051}{subsection.5.15.3}% 232
\BOOKMARK [3][-]{subsubsection.5.15.3.14}{\376\377\0005\000.\0001\0005\000.\0003\000.\0001\0004\000\040\000s\000e\000t\000\137\000f\000p\000s\000\050\000\051}{subsection.5.15.3}% 233
\BOOKMARK [3][-]{subsubsection.5.15.3.15}{\376\377\0005\000.\0001\0005\000.\0003\000.\0001\0005\000\040\000s\000e\000t\000\137\000p\000i\000x\000e\000l\000\050\000\051}{subsection.5.15.3}% 234
\BOOKMARK [3][-]{subsubsection.5.15.3.16}{\376\377\0005\000.\0001\0005\000.\0003\000.\0001\0006\000\040\000s\000l\000e\000e\000p\000\050\000\051}{subsection.5.15.3}% 235
\BOOKMARK [3][-]{subsubsection.5.15.3.17}{\376\377\0005\000.\0001\0005\000.\0003\000.\0001\0007\000\040\000t\000o\000p\000l\000e\000f\000t\000\050\000\051}{subsection.5.15.3}% 236
\BOOKMARK [3][-]{subsubsection.5.15.3.18}{\376\377\0005\000.\0001\0005\000.\0003\000.\0001\0008\000\040\000w\000a\000s\000\137\000k\000e\000y\000\137\000p\000r\000e\000s\000s\000e\000d\000\050\000\051}{subsection.5.15.3}% 237
\BOOKMARK [3][-]{subsubsection.5.15.3.19}{\376\377\0005\000.\0001\0005\000.\0003\000.\0001\0009\000\040\000w\000a\000s\000\137\000m\000o\000u\000s\000e\000\137\000p\000r\000e\000s\000s\000e\000d\000\050\000\051}{subsection.5.15.3}% 238
\BOOKMARK [3][-]{subsubsection.5.15.3.20}{\376\377\0005\000.\0001\0005\000.\0003\000.\0002\0000\000\040\000w\000i\000d\000t\000h\000\050\000\051}{subsection.5.15.3}% 239
\BOOKMARK [0][-]{chapter.6}{\376\377\0006\000\040\000F\000i\000l\000e\000\040\000D\000o\000c\000u\000m\000e\000n\000t\000a\000t\000i\000o\000n}{}% 240
\BOOKMARK [1][-]{section.6.1}{\376\377\0006\000.\0001\000\040\000b\000l\000o\000c\000k\000.\000c\000c\000\040\000F\000i\000l\000e\000\040\000R\000e\000f\000e\000r\000e\000n\000c\000e}{chapter.6}% 241
\BOOKMARK [1][-]{section.6.2}{\376\377\0006\000.\0002\000\040\000b\000l\000o\000c\000k\000.\000h\000h\000\040\000F\000i\000l\000e\000\040\000R\000e\000f\000e\000r\000e\000n\000c\000e}{chapter.6}% 242
\BOOKMARK [1][-]{section.6.3}{\376\377\0006\000.\0003\000\040\000b\000l\000o\000c\000k\000.\000h\000h}{chapter.6}% 243
\BOOKMARK [1][-]{section.6.4}{\376\377\0006\000.\0004\000\040\000c\000o\000i\000n\000.\000c\000c\000\040\000F\000i\000l\000e\000\040\000R\000e\000f\000e\000r\000e\000n\000c\000e}{chapter.6}% 244
\BOOKMARK [1][-]{section.6.5}{\376\377\0006\000.\0005\000\040\000c\000o\000i\000n\000.\000h\000h\000\040\000F\000i\000l\000e\000\040\000R\000e\000f\000e\000r\000e\000n\000c\000e}{chapter.6}% 245
\BOOKMARK [1][-]{section.6.6}{\376\377\0006\000.\0006\000\040\000c\000o\000i\000n\000.\000h\000h}{chapter.6}% 246
\BOOKMARK [1][-]{section.6.7}{\376\377\0006\000.\0007\000\040\000f\000e\000n\000s\000t\000e\000r\000.\000h\000\040\000F\000i\000l\000e\000\040\000R\000e\000f\000e\000r\000e\000n\000c\000e}{chapter.6}% 247
\BOOKMARK [2][-]{subsection.6.7.1}{\376\377\0006\000.\0007\000.\0001\000\040\000M\000a\000c\000r\000o\000\040\000D\000e\000f\000i\000n\000i\000t\000i\000o\000n\000\040\000D\000o\000c\000u\000m\000e\000n\000t\000a\000t\000i\000o\000n}{section.6.7}% 248
\BOOKMARK [3][-]{subsubsection.6.7.1.1}{\376\377\0006\000.\0007\000.\0001\000.\0001\000\040\000\137\000D\000E\000F\000A\000U\000L\000T\000\137\000S\000O\000U\000R\000C\000E}{subsection.6.7.1}% 249
\BOOKMARK [3][-]{subsubsection.6.7.1.2}{\376\377\0006\000.\0007\000.\0001\000.\0002\000\040\000F\000E\000N\000S\000T\000E\000R\000\137\000A\000P\000I}{subsection.6.7.1}% 250
\BOOKMARK [3][-]{subsubsection.6.7.1.3}{\376\377\0006\000.\0007\000.\0001\000.\0003\000\040\000f\000e\000n\000s\000t\000e\000r\000\137\000p\000i\000x\000e\000l}{subsection.6.7.1}% 251
\BOOKMARK [2][-]{subsection.6.7.2}{\376\377\0006\000.\0007\000.\0002\000\040\000F\000u\000n\000c\000t\000i\000o\000n\000\040\000D\000o\000c\000u\000m\000e\000n\000t\000a\000t\000i\000o\000n}{section.6.7}% 252
\BOOKMARK [3][-]{subsubsection.6.7.2.1}{\376\377\0006\000.\0007\000.\0002\000.\0001\000\040\000f\000e\000n\000s\000t\000e\000r\000\137\000c\000l\000o\000s\000e\000\050\000\051}{subsection.6.7.2}% 253
\BOOKMARK [3][-]{subsubsection.6.7.2.2}{\376\377\0006\000.\0007\000.\0002\000.\0002\000\040\000f\000e\000n\000s\000t\000e\000r\000\137\000l\000o\000o\000p\000\050\000\051}{subsection.6.7.2}% 254
\BOOKMARK [3][-]{subsubsection.6.7.2.3}{\376\377\0006\000.\0007\000.\0002\000.\0003\000\040\000f\000e\000n\000s\000t\000e\000r\000\137\000o\000p\000e\000n\000\050\000\051}{subsection.6.7.2}% 255
\BOOKMARK [3][-]{subsubsection.6.7.2.4}{\376\377\0006\000.\0007\000.\0002\000.\0004\000\040\000f\000e\000n\000s\000t\000e\000r\000\137\000s\000l\000e\000e\000p\000\050\000\051}{subsection.6.7.2}% 256
\BOOKMARK [3][-]{subsubsection.6.7.2.5}{\376\377\0006\000.\0007\000.\0002\000.\0005\000\040\000f\000e\000n\000s\000t\000e\000r\000\137\000t\000i\000m\000e\000\050\000\051}{subsection.6.7.2}% 257
\BOOKMARK [1][-]{section.6.8}{\376\377\0006\000.\0008\000\040\000f\000e\000n\000s\000t\000e\000r\000.\000h}{chapter.6}% 258
\BOOKMARK [1][-]{section.6.9}{\376\377\0006\000.\0009\000\040\000f\000i\000n\000d\000e\000r\000.\000h\000h\000\040\000F\000i\000l\000e\000\040\000R\000e\000f\000e\000r\000e\000n\000c\000e}{chapter.6}% 259
\BOOKMARK [2][-]{subsection.6.9.1}{\376\377\0006\000.\0009\000.\0001\000\040\000V\000a\000r\000i\000a\000b\000l\000e\000\040\000D\000o\000c\000u\000m\000e\000n\000t\000a\000t\000i\000o\000n}{section.6.9}% 260
\BOOKMARK [3][-]{subsubsection.6.9.1.1}{\376\377\0006\000.\0009\000.\0001\000.\0001\000\040\000D\000I\000V\000I\000D\000E\000R}{subsection.6.9.1}% 261
\BOOKMARK [3][-]{subsubsection.6.9.1.2}{\376\377\0006\000.\0009\000.\0001\000.\0002\000\040\000M\000A\000X\000\137\000S\000Z}{subsection.6.9.1}% 262
\BOOKMARK [3][-]{subsubsection.6.9.1.3}{\376\377\0006\000.\0009\000.\0001\000.\0003\000\040\000N\000U\000M\000\137\000D\000I\000V\000S}{subsection.6.9.1}% 263
\BOOKMARK [1][-]{section.6.10}{\376\377\0006\000.\0001\0000\000\040\000f\000i\000n\000d\000e\000r\000.\000h\000h}{chapter.6}% 264
\BOOKMARK [1][-]{section.6.11}{\376\377\0006\000.\0001\0001\000\040\000g\000a\000m\000e\000.\000c\000c\000\040\000F\000i\000l\000e\000\040\000R\000e\000f\000e\000r\000e\000n\000c\000e}{chapter.6}% 265
\BOOKMARK [1][-]{section.6.12}{\376\377\0006\000.\0001\0002\000\040\000g\000a\000m\000e\000.\000h\000h\000\040\000F\000i\000l\000e\000\040\000R\000e\000f\000e\000r\000e\000n\000c\000e}{chapter.6}% 266
\BOOKMARK [1][-]{section.6.13}{\376\377\0006\000.\0001\0003\000\040\000g\000a\000m\000e\000.\000h\000h}{chapter.6}% 267
\BOOKMARK [1][-]{section.6.14}{\376\377\0006\000.\0001\0004\000\040\000g\000e\000o\000m\000e\000t\000r\000y\000.\000c\000c\000\040\000F\000i\000l\000e\000\040\000R\000e\000f\000e\000r\000e\000n\000c\000e}{chapter.6}% 268
\BOOKMARK [1][-]{section.6.15}{\376\377\0006\000.\0001\0005\000\040\000g\000e\000o\000m\000e\000t\000r\000y\000.\000h\000h\000\040\000F\000i\000l\000e\000\040\000R\000e\000f\000e\000r\000e\000n\000c\000e}{chapter.6}% 269
\BOOKMARK [1][-]{section.6.16}{\376\377\0006\000.\0001\0006\000\040\000g\000e\000o\000m\000e\000t\000r\000y\000.\000h\000h}{chapter.6}% 270
\BOOKMARK [1][-]{section.6.17}{\376\377\0006\000.\0001\0007\000\040\000i\000n\000t\000e\000r\000a\000c\000t\000a\000b\000l\000e\000s\000.\000c\000c\000\040\000F\000i\000l\000e\000\040\000R\000e\000f\000e\000r\000e\000n\000c\000e}{chapter.6}% 271
\BOOKMARK [1][-]{section.6.18}{\376\377\0006\000.\0001\0008\000\040\000i\000n\000t\000e\000r\000a\000c\000t\000a\000b\000l\000e\000s\000.\000h\000h\000\040\000F\000i\000l\000e\000\040\000R\000e\000f\000e\000r\000e\000n\000c\000e}{chapter.6}% 272
\BOOKMARK [1][-]{section.6.19}{\376\377\0006\000.\0001\0009\000\040\000i\000n\000t\000e\000r\000a\000c\000t\000a\000b\000l\000e\000s\000.\000h\000h}{chapter.6}% 273
\BOOKMARK [1][-]{section.6.20}{\376\377\0006\000.\0002\0000\000\040\000m\000a\000i\000n\000.\000c\000c\000\040\000F\000i\000l\000e\000\040\000R\000e\000f\000e\000r\000e\000n\000c\000e}{chapter.6}% 274
\BOOKMARK [2][-]{subsection.6.20.1}{\376\377\0006\000.\0002\0000\000.\0001\000\040\000F\000u\000n\000c\000t\000i\000o\000n\000\040\000D\000o\000c\000u\000m\000e\000n\000t\000a\000t\000i\000o\000n}{section.6.20}% 275
\BOOKMARK [3][-]{subsubsection.6.20.1.1}{\376\377\0006\000.\0002\0000\000.\0001\000.\0001\000\040\000d\000e\000a\000t\000h\000\137\000s\000c\000r\000e\000e\000n\000\050\000\051}{subsection.6.20.1}% 276
\BOOKMARK [3][-]{subsubsection.6.20.1.2}{\376\377\0006\000.\0002\0000\000.\0001\000.\0002\000\040\000m\000a\000i\000n\000\050\000\051}{subsection.6.20.1}% 277
\BOOKMARK [3][-]{subsubsection.6.20.1.3}{\376\377\0006\000.\0002\0000\000.\0001\000.\0003\000\040\000w\000i\000n\000\137\000s\000c\000r\000e\000e\000n\000\050\000\051}{subsection.6.20.1}% 278
\BOOKMARK [2][-]{subsection.6.20.2}{\376\377\0006\000.\0002\0000\000.\0002\000\040\000V\000a\000r\000i\000a\000b\000l\000e\000\040\000D\000o\000c\000u\000m\000e\000n\000t\000a\000t\000i\000o\000n}{section.6.20}% 279
\BOOKMARK [3][-]{subsubsection.6.20.2.1}{\376\377\0006\000.\0002\0000\000.\0002\000.\0001\000\040\000F\000P\000S}{subsection.6.20.2}% 280
\BOOKMARK [3][-]{subsubsection.6.20.2.2}{\376\377\0006\000.\0002\0000\000.\0002\000.\0002\000\040\000H\000E\000I\000G\000H\000T}{subsection.6.20.2}% 281
\BOOKMARK [3][-]{subsubsection.6.20.2.3}{\376\377\0006\000.\0002\0000\000.\0002\000.\0003\000\040\000W\000I\000D\000T\000H}{subsection.6.20.2}% 282
\BOOKMARK [3][-]{subsubsection.6.20.2.4}{\376\377\0006\000.\0002\0000\000.\0002\000.\0004\000\040\000Z\000O\000O\000M}{subsection.6.20.2}% 283
\BOOKMARK [1][-]{section.6.21}{\376\377\0006\000.\0002\0001\000\040\000m\000a\000r\000i\000o\000.\000c\000c\000\040\000F\000i\000l\000e\000\040\000R\000e\000f\000e\000r\000e\000n\000c\000e}{chapter.6}% 284
\BOOKMARK [1][-]{section.6.22}{\376\377\0006\000.\0002\0002\000\040\000m\000a\000r\000i\000o\000.\000h\000h\000\040\000F\000i\000l\000e\000\040\000R\000e\000f\000e\000r\000e\000n\000c\000e}{chapter.6}% 285
\BOOKMARK [1][-]{section.6.23}{\376\377\0006\000.\0002\0003\000\040\000m\000a\000r\000i\000o\000.\000h\000h}{chapter.6}% 286
\BOOKMARK [1][-]{section.6.24}{\376\377\0006\000.\0002\0004\000\040\000p\000l\000a\000t\000f\000o\000r\000m\000.\000c\000c\000\040\000F\000i\000l\000e\000\040\000R\000e\000f\000e\000r\000e\000n\000c\000e}{chapter.6}% 287
\BOOKMARK [2][-]{subsection.6.24.1}{\376\377\0006\000.\0002\0004\000.\0001\000\040\000T\000y\000p\000e\000d\000e\000f\000\040\000D\000o\000c\000u\000m\000e\000n\000t\000a\000t\000i\000o\000n}{section.6.24}% 288
\BOOKMARK [3][-]{subsubsection.6.24.1.1}{\376\377\0006\000.\0002\0004\000.\0001\000.\0001\000\040\000C\000o\000l\000o\000r}{subsection.6.24.1}% 289
\BOOKMARK [1][-]{section.6.25}{\376\377\0006\000.\0002\0005\000\040\000p\000l\000a\000t\000f\000o\000r\000m\000.\000h\000h\000\040\000F\000i\000l\000e\000\040\000R\000e\000f\000e\000r\000e\000n\000c\000e}{chapter.6}% 290
\BOOKMARK [1][-]{section.6.26}{\376\377\0006\000.\0002\0006\000\040\000p\000l\000a\000t\000f\000o\000r\000m\000.\000h\000h}{chapter.6}% 291
\BOOKMARK [1][-]{section.6.27}{\376\377\0006\000.\0002\0007\000\040\000s\000t\000a\000r\000t\000\137\000s\000c\000r\000e\000e\000n\000.\000c\000c\000\040\000F\000i\000l\000e\000\040\000R\000e\000f\000e\000r\000e\000n\000c\000e}{chapter.6}% 292
\BOOKMARK [1][-]{section.6.28}{\376\377\0006\000.\0002\0008\000\040\000s\000t\000a\000r\000t\000\137\000s\000c\000r\000e\000e\000n\000.\000h\000h\000\040\000F\000i\000l\000e\000\040\000R\000e\000f\000e\000r\000e\000n\000c\000e}{chapter.6}% 293
\BOOKMARK [1][-]{section.6.29}{\376\377\0006\000.\0002\0009\000\040\000s\000t\000a\000r\000t\000\137\000s\000c\000r\000e\000e\000n\000.\000h\000h}{chapter.6}% 294
\BOOKMARK [1][-]{section.6.30}{\376\377\0006\000.\0003\0000\000\040\000t\000e\000x\000t\000.\000c\000c\000\040\000F\000i\000l\000e\000\040\000R\000e\000f\000e\000r\000e\000n\000c\000e}{chapter.6}% 295
\BOOKMARK [1][-]{section.6.31}{\376\377\0006\000.\0003\0001\000\040\000t\000e\000x\000t\000.\000h\000h\000\040\000F\000i\000l\000e\000\040\000R\000e\000f\000e\000r\000e\000n\000c\000e}{chapter.6}% 296
\BOOKMARK [1][-]{section.6.32}{\376\377\0006\000.\0003\0002\000\040\000t\000e\000x\000t\000.\000h\000h}{chapter.6}% 297
\BOOKMARK [1][-]{section.6.33}{\376\377\0006\000.\0003\0003\000\040\000u\000t\000i\000l\000s\000.\000c\000c\000\040\000F\000i\000l\000e\000\040\000R\000e\000f\000e\000r\000e\000n\000c\000e}{chapter.6}% 298
\BOOKMARK [1][-]{section.6.34}{\376\377\0006\000.\0003\0004\000\040\000u\000t\000i\000l\000s\000.\000h\000h\000\040\000F\000i\000l\000e\000\040\000R\000e\000f\000e\000r\000e\000n\000c\000e}{chapter.6}% 299
\BOOKMARK [1][-]{section.6.35}{\376\377\0006\000.\0003\0005\000\040\000u\000t\000i\000l\000s\000.\000h\000h}{chapter.6}% 300
\BOOKMARK [1][-]{section.6.36}{\376\377\0006\000.\0003\0006\000\040\000w\000i\000n\000d\000o\000w\000.\000c\000c\000\040\000F\000i\000l\000e\000\040\000R\000e\000f\000e\000r\000e\000n\000c\000e}{chapter.6}% 301
\BOOKMARK [1][-]{section.6.37}{\376\377\0006\000.\0003\0007\000\040\000w\000i\000n\000d\000o\000w\000.\000h\000h\000\040\000F\000i\000l\000e\000\040\000R\000e\000f\000e\000r\000e\000n\000c\000e}{chapter.6}% 302
\BOOKMARK [2][-]{subsection.6.37.1}{\376\377\0006\000.\0003\0007\000.\0001\000\040\000M\000a\000c\000r\000o\000\040\000D\000e\000f\000i\000n\000i\000t\000i\000o\000n\000\040\000D\000o\000c\000u\000m\000e\000n\000t\000a\000t\000i\000o\000n}{section.6.37}% 303
\BOOKMARK [3][-]{subsubsection.6.37.1.1}{\376\377\0006\000.\0003\0007\000.\0001\000.\0001\000\040\000F\000E\000N\000S\000T\000E\000R\000\137\000H\000E\000A\000D\000E\000R}{subsection.6.37.1}% 304
\BOOKMARK [1][-]{section.6.38}{\376\377\0006\000.\0003\0008\000\040\000w\000i\000n\000d\000o\000w\000.\000h\000h}{chapter.6}% 305
\BOOKMARK [0][-]{section*.64}{\376\377\000I\000n\000d\000e\000x}{}% 306
